Command line:
   protocol_isim_beh.exe
     -simmode  gui
     -simrunnum  0
     -socket  1661

Sun Aug 14 16:43:28 2016


 Elaboration Time: 0.03125 sec

 Current Memory Usage: 350.925 Meg

 Total Signals          : 13
 Total Nets             : 13
 Total Signal Drivers   : 5
 Total Blocks           : 2
 Total Primitive Blocks : 2
 Total Processes        : 6
 Total Traceable Variables  : 18
 Total Scalar Nets and Variables : 93
Total Line Count : 14

 Total Simulation Time: 0.046875 sec

 Current Memory Usage: 350.925 Meg

Sun Aug 14 16:43:37 2016

